生成启动时间为 2012/10/19 16:51:02。
     1>项目“C:\ZY\EverythingandNothing\MFC\Bad Apple Console v1.0\Bad Apple Console\Bad Apple Console\Bad Apple Console.vcxproj”在节点 2 上(build 个目标)。
     1>InitializeBuildStatus:
         正在创建“Debug\Bad Apple Console.unsuccessfulbuild”，因为已指定“AlwaysCreate”。
       ClCompile:
         所有输出均为最新。
         c:\Program Files (x86)\Microsoft Visual Studio 10.0\VC\bin\CL.exe /c /ZI /nologo /W3 /WX- /Od /Oy- /D WIN32 /D _WINDOWS /D _DEBUG /D _MBCS /Gm /EHsc /RTC1 /MTd /GS /fp:precise /Zc:wchar_t /Zc:forScope /Yu"StdAfx.h" /Fp"Debug\Bad Apple Console.pch" /Fo"Debug\\" /Fd"Debug\vc100.pdb" /Gd /TP /analyze- /errorReport:prompt "Bad Apple ConsoleDlg.cpp"
         Bad Apple ConsoleDlg.cpp
     1>c:\zy\everythingandnothing\mfc\bad apple console v1.0\bad apple console\bad apple console\bad apple consoledlg.cpp(140): warning C4996: 'freopen': This function or variable may be unsafe. Consider using freopen_s instead. To disable deprecation, use _CRT_SECURE_NO_WARNINGS. See online help for details.
                 c:\program files (x86)\microsoft visual studio 10.0\vc\include\stdio.h(249) : 参见“freopen”的声明
       ResourceCompile:
         所有输出均为最新。
       ManifestResourceCompile:
         所有输出均为最新。
       Link:
         c:\Program Files (x86)\Microsoft Visual Studio 10.0\VC\bin\link.exe /ERRORREPORT:PROMPT /OUT:"C:\ZY\EverythingandNothing\MFC\Bad Apple Console v1.0\Bad Apple Console\Debug\Bad Apple Console.exe" /INCREMENTAL /NOLOGO /MANIFEST /ManifestFile:"Debug\Bad Apple Console.exe.intermediate.manifest" /MANIFESTUAC:"level='asInvoker' uiAccess='false'" /DEBUG /PDB:"C:\ZY\EverythingandNothing\MFC\Bad Apple Console v1.0\Bad Apple Console\Debug\Bad Apple Console.pdb" /SUBSYSTEM:WINDOWS /TLBID:1 /DYNAMICBASE /NXCOMPAT /IMPLIB:"C:\ZY\EverythingandNothing\MFC\Bad Apple Console v1.0\Bad Apple Console\Debug\Bad Apple Console.lib" /MACHINE:X86 "Debug\Bad Apple Console.res"
         "Debug\Bad Apple Console.exe.embed.manifest.res"
         "Debug\Bad Apple Console.obj"
         "Debug\Bad Apple ConsoleDlg.obj"
         Debug\stdafx.obj
         Debug\unzip.obj
         Debug\zip.obj
       Manifest:
         C:\Program Files (x86)\Microsoft SDKs\Windows\v7.0A\bin\mt.exe /nologo /verbose /out:"Debug\Bad Apple Console.exe.embed.manifest" /manifest "Debug\Bad Apple Console.exe.intermediate.manifest" "c:\Program Files (x86)\Microsoft Visual Studio 10.0\VC\Include\Manifest\dpiaware.manifest"
         所有输出均为最新。
       LinkEmbedManifest:
         所有输出均为最新。
         Bad Apple Console.vcxproj -> C:\ZY\EverythingandNothing\MFC\Bad Apple Console v1.0\Bad Apple Console\Debug\Bad Apple Console.exe
       FinalizeBuildStatus:
         正在删除文件“Debug\Bad Apple Console.unsuccessfulbuild”。
         正在对“Debug\Bad Apple Console.lastbuildstate”执行 Touch 任务。
     1>已完成生成项目“C:\ZY\EverythingandNothing\MFC\Bad Apple Console v1.0\Bad Apple Console\Bad Apple Console\Bad Apple Console.vcxproj”(build 个目标)的操作。

生成成功。

已用时间 00:00:04.48
